This file contains any messages produced by compilers while
running configure, to aid debugging if configure makes a mistake.

It was created by MathFin configure 1.0, which was
generated by GNU Autoconf 2.69.  Invocation command line was

  $ ./configure 

## --------- ##
## Platform. ##
## --------- ##

hostname = ahmeds-air-5
uname -m = x86_64
uname -r = 13.4.0
uname -s = Darwin
uname -v = Darwin Kernel Version 13.4.0: Mon Jan 11 18:17:34 PST 2016; root:xnu-2422.115.15~1/RELEASE_X86_64

/usr/bin/uname -p = i386
/bin/uname -X     = unknown

/bin/arch              = unknown
/usr/bin/arch -k       = unknown
/usr/convex/getsysinfo = unknown
/usr/bin/hostinfo      = Mach kernel version:
	 Darwin Kernel Version 13.4.0: Mon Jan 11 18:17:34 PST 2016; root:xnu-2422.115.15~1/RELEASE_X86_64
Kernel configured for up to 8 processors.
4 processors are physically available.
8 processors are logically available.
Processor type: i486 (Intel 80486)
Processors active: 0 1 2 3 4 5 6 7
Primary memory available: 16.00 gigabytes
Default processor set: 314 tasks, 3009 threads, 8 processors
Load average: 2.03, Mach factor: 5.96
/bin/machine           = unknown
/usr/bin/oslevel       = unknown
/bin/universe          = unknown

PATH: /opt/quantlib-1.9/bin
PATH: /Users/ahmed/anaconda/bin
PATH: /Users/ahmed/anaconda/bin
PATH: /Users/ahmed/.local/bin
PATH: /Applications/anaconda/bin
PATH: //anaconda/bin
PATH: /Users/ahmed/Library/Haskell/bin
PATH: /Applications/ghc-7.8.3.app/Contents/bin
PATH: /Library/Frameworks/Python.framework/Versions/2.7/bin
PATH: /Users/ahmed/.rbenv/shims
PATH: /Library/Frameworks/Python.framework/Versions/2.7/bin
PATH: /usr/local/mysql/bin
PATH: /Users/ahmed/.rbenv/bin
PATH: /opt/local/bin
PATH: /opt/local/sbin
PATH: /usr/bin
PATH: /bin
PATH: /usr/sbin
PATH: /sbin
PATH: /usr/local/bin
PATH: /opt/X11/bin
PATH: /Applications/ghc-7.10.1.app/Contents/bin
PATH: /usr/local/go/bin
PATH: /usr/local/MacGPG2/bin
PATH: /Library/Frameworks/JRuby.framework/Versions/Current/bin
PATH: /usr/local/bin
PATH: /Users/ahmed/Documents/amazon-ec2/ec2-api-tools-1.6.6.0/bin
PATH: /Users/ahmed/Work/instantclient_11_2
PATH: /Users/ahmed/Work/apache-ant-1.9.3/bin
PATH: /Users/ahmed/Documents/Go/bin
PATH: /Users/ahmed/Work/mongodb-osx-x86_64-2.6.3/bin
PATH: /opt/apache-maven-3.3.3/bin
PATH: /opt/local/bin
PATH: /opt/local/sbin
PATH: /opt/gradle-2.7/bin
PATH: /opt/spring-1.2.1.RELEASE/bin
PATH: /Users/ahmed/.rbenv/shims
PATH: /Library/Frameworks/Python.framework/Versions/2.7/bin
PATH: /usr/local/mysql/bin
PATH: /Users/ahmed/.rbenv/bin
PATH: /opt/local/bin
PATH: /opt/local/sbin
PATH: /usr/bin
PATH: /bin
PATH: /usr/sbin
PATH: /sbin
PATH: /usr/local/bin
PATH: /opt/X11/bin
PATH: /Applications/ghc-7.10.1.app/Contents/bin
PATH: /usr/local/go/bin
PATH: /usr/local/MacGPG2/bin
PATH: /Library/Frameworks/JRuby.framework/Versions/Current/bin
PATH: /usr/local/bin
PATH: /Users/ahmed/Documents/amazon-ec2/ec2-api-tools-1.6.6.0/bin
PATH: /Users/ahmed/Work/instantclient_11_2
PATH: /Users/ahmed/Work/apache-ant-1.9.3/bin
PATH: /Users/ahmed/Documents/Go/bin
PATH: /Users/ahmed/Work/mongodb-osx-x86_64-2.6.3/bin
PATH: /opt/apache-maven-3.3.3/bin
PATH: /opt/local/bin
PATH: /opt/local/sbin
PATH: /opt/scala-2.11.8/bin
PATH: /opt/sbt/bin
PATH: /Users/ahmed/Work/activator-dist-1.3.7


## ----------- ##
## Core tests. ##
## ----------- ##

configure:2308: checking for a BSD-compatible install
configure:2376: result: /usr/bin/install -c
configure:2387: checking whether build environment is sane
configure:2442: result: yes
configure:2593: checking for a thread-safe mkdir -p
configure:2632: result: ./install-sh -c -d
configure:2639: checking for gawk
configure:2669: result: no
configure:2639: checking for mawk
configure:2669: result: no
configure:2639: checking for nawk
configure:2669: result: no
configure:2639: checking for awk
configure:2655: found /usr/bin/awk
configure:2666: result: awk
configure:2677: checking whether make sets $(MAKE)
configure:2699: result: yes
configure:2728: checking whether make supports nested variables
configure:2745: result: yes
configure:2883: checking for style of include used by make
configure:2911: result: GNU
configure:2982: checking for gcc
configure:2998: found /usr/bin/gcc
configure:3009: result: gcc
configure:3238: checking for C compiler version
configure:3247: gcc --version >&5
Apple LLVM version 6.0 (clang-600.0.57) (based on LLVM 3.5svn)
Target: x86_64-apple-darwin13.4.0
Thread model: posix
Configured with: --prefix=/Applications/Xcode.app/Contents/Developer/usr --with-gxx-include-dir=/usr/include/c++/4.2.1
configure:3258: $? = 0
configure:3247: gcc -v >&5
Configured with: --prefix=/Applications/Xcode.app/Contents/Developer/usr --with-gxx-include-dir=/usr/include/c++/4.2.1
Apple LLVM version 6.0 (clang-600.0.57) (based on LLVM 3.5svn)
Target: x86_64-apple-darwin13.4.0
Thread model: posix
configure:3258: $? = 0
configure:3247: gcc -V >&5
clang: error: argument to '-V' is missing (expected 1 value)
clang: error: no input files
configure:3258: $? = 1
configure:3247: gcc -qversion >&5
clang: error: unknown argument: '-qversion'
clang: error: no input files
configure:3258: $? = 1
configure:3278: checking whether the C compiler works
configure:3300: gcc    conftest.c  >&5
configure:3304: $? = 0
configure:3352: result: yes
configure:3355: checking for C compiler default output file name
configure:3357: result: a.out
configure:3363: checking for suffix of executables
configure:3370: gcc -o conftest    conftest.c  >&5
configure:3374: $? = 0
configure:3396: result: 
configure:3418: checking whether we are cross compiling
configure:3426: gcc -o conftest    conftest.c  >&5
configure:3430: $? = 0
configure:3437: ./conftest
configure:3441: $? = 0
configure:3456: result: no
configure:3461: checking for suffix of object files
configure:3483: gcc -c   conftest.c >&5
configure:3487: $? = 0
configure:3508: result: o
configure:3512: checking whether we are using the GNU C compiler
configure:3531: gcc -c   conftest.c >&5
configure:3531: $? = 0
configure:3540: result: yes
configure:3549: checking whether gcc accepts -g
configure:3569: gcc -c -g  conftest.c >&5
configure:3569: $? = 0
configure:3610: result: yes
configure:3627: checking for gcc option to accept ISO C89
configure:3690: gcc  -c -g -O2  conftest.c >&5
configure:3690: $? = 0
configure:3703: result: none needed
configure:3728: checking whether gcc understands -c and -o together
configure:3750: gcc -c conftest.c -o conftest2.o
configure:3753: $? = 0
configure:3750: gcc -c conftest.c -o conftest2.o
configure:3753: $? = 0
configure:3765: result: yes
configure:3784: checking dependency style of gcc
configure:3895: result: gcc3
configure:3960: checking for ar
configure:3976: found /usr/bin/ar
configure:3987: result: ar
configure:4013: checking the archiver (ar) interface
configure:4029: gcc -c -g -O2  conftest.c >&5
configure:4029: $? = 0
configure:4031: ar cru libconftest.a conftest.o >&5
configure:4034: $? = 0
configure:4062: result: ar
configure:4111: checking build system type
configure:4125: result: x86_64-apple-darwin13.4.0
configure:4145: checking host system type
configure:4158: result: x86_64-apple-darwin13.4.0
configure:4199: checking how to print strings
configure:4226: result: printf
configure:4247: checking for a sed that does not truncate output
configure:4311: result: /usr/bin/sed
configure:4329: checking for grep that handles long lines and -e
configure:4387: result: /usr/bin/grep
configure:4392: checking for egrep
configure:4454: result: /usr/bin/grep -E
configure:4459: checking for fgrep
configure:4521: result: /usr/bin/grep -F
configure:4556: checking for ld used by gcc
configure:4623: result: /Applications/Xcode.app/Contents/Developer/Toolchains/XcodeDefault.xctoolchain/usr/bin/ld
configure:4630: checking if the linker (/Applications/Xcode.app/Contents/Developer/Toolchains/XcodeDefault.xctoolchain/usr/bin/ld) is GNU ld
configure:4645: result: no
configure:4657: checking for BSD- or MS-compatible name lister (nm)
configure:4711: result: /usr/bin/nm
configure:4841: checking the name lister (/usr/bin/nm) interface
configure:4848: gcc -c -g -O2  conftest.c >&5
configure:4851: /usr/bin/nm "conftest.o"
configure:4854: output
0000000000000218 S _some_variable
configure:4861: result: BSD nm
configure:4864: checking whether ln -s works
configure:4868: result: yes
configure:4876: checking the maximum length of command line arguments
configure:5007: result: 196608
configure:5055: checking how to convert x86_64-apple-darwin13.4.0 file names to x86_64-apple-darwin13.4.0 format
configure:5095: result: func_convert_file_noop
configure:5102: checking how to convert x86_64-apple-darwin13.4.0 file names to toolchain format
configure:5122: result: func_convert_file_noop
configure:5129: checking for /Applications/Xcode.app/Contents/Developer/Toolchains/XcodeDefault.xctoolchain/usr/bin/ld option to reload object files
configure:5136: result: -r
configure:5210: checking for objdump
configure:5240: result: no
configure:5269: checking how to recognize dependent libraries
configure:5469: result: pass_all
configure:5554: checking for dlltool
configure:5584: result: no
configure:5614: checking how to associate runtime and link libraries
configure:5641: result: printf %s\n
configure:5765: checking for archiver @FILE support
configure:5782: gcc -c -g -O2  conftest.c >&5
configure:5782: $? = 0
configure:5785: ar cru libconftest.a @conftest.lst >&5
ar: @conftest.lst: No such file or directory
configure:5788: $? = 1
configure:5808: result: no
configure:5866: checking for strip
configure:5882: found /usr/bin/strip
configure:5893: result: strip
configure:5965: checking for ranlib
configure:5981: found /usr/bin/ranlib
configure:5992: result: ranlib
configure:6094: checking command to parse /usr/bin/nm output from gcc object
configure:6247: gcc -c -g -O2  conftest.c >&5
configure:6250: $? = 0
configure:6254: /usr/bin/nm conftest.o \| sed -n -e 's/^.*[ ]\([BCDEGRST][BCDEGRST]*\)[ ][ ]*\([_A-Za-z][_A-Za-z0-9]*\)$/\1 \2 \2/p' | sed '/ __gnu_lto/d' \> conftest.nm
configure:6257: $? = 0
cannot find nm_test_var in conftest.nm
configure:6247: gcc -c -g -O2  conftest.c >&5
configure:6250: $? = 0
configure:6254: /usr/bin/nm conftest.o \| sed -n -e 's/^.*[ ]\([BCDEGRST][BCDEGRST]*\)[ ][ ]*_\([_A-Za-z][_A-Za-z0-9]*\)$/\1 _\2 \2/p' | sed '/ __gnu_lto/d' \> conftest.nm
configure:6257: $? = 0
configure:6323: gcc -o conftest -g -O2   conftest.c conftstm.o >&5
configure:6326: $? = 0
configure:6364: result: ok
configure:6411: checking for sysroot
configure:6441: result: no
configure:6448: checking for a working dd
configure:6486: result: /bin/dd
configure:6490: checking how to truncate binary pipes
configure:6505: result: /bin/dd bs=4096 count=1
configure:6834: checking for mt
configure:6864: result: no
configure:6884: checking if : is a manifest tool
configure:6890: : '-?'
configure:6898: result: no
configure:6954: checking for dsymutil
configure:6970: found /usr/bin/dsymutil
configure:6981: result: dsymutil
configure:7046: checking for nmedit
configure:7062: found /usr/bin/nmedit
configure:7073: result: nmedit
configure:7138: checking for lipo
configure:7154: found /usr/bin/lipo
configure:7165: result: lipo
configure:7230: checking for otool
configure:7246: found /usr/bin/otool
configure:7257: result: otool
configure:7322: checking for otool64
configure:7352: result: no
configure:7397: checking for -single_module linker flag
gcc -g -O2  -o libconftest.dylib -dynamiclib -Wl,-single_module conftest.c
configure:7430: result: yes
configure:7433: checking for -exported_symbols_list linker flag
configure:7453: gcc -o conftest -g -O2   -Wl,-exported_symbols_list,conftest.sym conftest.c  >&5
configure:7453: $? = 0
configure:7463: result: yes
configure:7466: checking for -force_load linker flag
gcc -g -O2 -c -o conftest.o conftest.c
ar cru libconftest.a conftest.o
ranlib libconftest.a
gcc -g -O2  -o conftest conftest.c -Wl,-force_load,./libconftest.a
configure:7498: result: yes
configure:7575: checking how to run the C preprocessor
configure:7606: gcc -E  conftest.c
configure:7606: $? = 0
configure:7620: gcc -E  conftest.c
conftest.c:11:10: fatal error: 'ac_nonexistent.h' file not found
#include <ac_nonexistent.h>
         ^
1 error generated.
configure:7620: $? = 1
configure: failed program was:
| /* confdefs.h */
| #define PACKAGE_NAME "MathFin"
| #define PACKAGE_TARNAME "mathfin"
| #define PACKAGE_VERSION "1.0"
| #define PACKAGE_STRING "MathFin 1.0"
| #define PACKAGE_BUGREPORT "ahmed.riza@gmail.com"
| #define PACKAGE_URL ""
| #define PACKAGE "mathfin"
| #define VERSION "1.0"
| /* end confdefs.h.  */
| #include <ac_nonexistent.h>
configure:7645: result: gcc -E
configure:7665: gcc -E  conftest.c
configure:7665: $? = 0
configure:7679: gcc -E  conftest.c
conftest.c:11:10: fatal error: 'ac_nonexistent.h' file not found
#include <ac_nonexistent.h>
         ^
1 error generated.
configure:7679: $? = 1
configure: failed program was:
| /* confdefs.h */
| #define PACKAGE_NAME "MathFin"
| #define PACKAGE_TARNAME "mathfin"
| #define PACKAGE_VERSION "1.0"
| #define PACKAGE_STRING "MathFin 1.0"
| #define PACKAGE_BUGREPORT "ahmed.riza@gmail.com"
| #define PACKAGE_URL ""
| #define PACKAGE "mathfin"
| #define VERSION "1.0"
| /* end confdefs.h.  */
| #include <ac_nonexistent.h>
configure:7708: checking for ANSI C header files
configure:7728: gcc -c -g -O2  conftest.c >&5
configure:7728: $? = 0
configure:7801: gcc -o conftest -g -O2   conftest.c  >&5
configure:7801: $? = 0
configure:7801: ./conftest
configure:7801: $? = 0
configure:7812: result: yes
configure:7825: checking for sys/types.h
configure:7825: gcc -c -g -O2  conftest.c >&5
configure:7825: $? = 0
configure:7825: result: yes
configure:7825: checking for sys/stat.h
configure:7825: gcc -c -g -O2  conftest.c >&5
configure:7825: $? = 0
configure:7825: result: yes
configure:7825: checking for stdlib.h
configure:7825: gcc -c -g -O2  conftest.c >&5
configure:7825: $? = 0
configure:7825: result: yes
configure:7825: checking for string.h
configure:7825: gcc -c -g -O2  conftest.c >&5
configure:7825: $? = 0
configure:7825: result: yes
configure:7825: checking for memory.h
configure:7825: gcc -c -g -O2  conftest.c >&5
configure:7825: $? = 0
configure:7825: result: yes
configure:7825: checking for strings.h
configure:7825: gcc -c -g -O2  conftest.c >&5
configure:7825: $? = 0
configure:7825: result: yes
configure:7825: checking for inttypes.h
configure:7825: gcc -c -g -O2  conftest.c >&5
configure:7825: $? = 0
configure:7825: result: yes
configure:7825: checking for stdint.h
configure:7825: gcc -c -g -O2  conftest.c >&5
configure:7825: $? = 0
configure:7825: result: yes
configure:7825: checking for unistd.h
configure:7825: gcc -c -g -O2  conftest.c >&5
configure:7825: $? = 0
configure:7825: result: yes
configure:7839: checking for dlfcn.h
configure:7839: gcc -c -g -O2  conftest.c >&5
configure:7839: $? = 0
configure:7839: result: yes
configure:8095: checking for objdir
configure:8110: result: .libs
configure:8374: checking if gcc supports -fno-rtti -fno-exceptions
configure:8392: gcc -c -g -O2  -fno-rtti -fno-exceptions conftest.c >&5
configure:8396: $? = 0
configure:8409: result: yes
configure:8767: checking for gcc option to produce PIC
configure:8774: result: -fno-common -DPIC
configure:8782: checking if gcc PIC flag -fno-common -DPIC works
configure:8800: gcc -c -g -O2  -fno-common -DPIC -DPIC conftest.c >&5
configure:8804: $? = 0
configure:8817: result: yes
configure:8846: checking if gcc static flag -static works
configure:8874: result: no
configure:8889: checking if gcc supports -c -o file.o
configure:8910: gcc -c -g -O2  -o out/conftest2.o conftest.c >&5
configure:8914: $? = 0
configure:8936: result: yes
configure:8944: checking if gcc supports -c -o file.o
configure:8991: result: yes
configure:9024: checking whether the gcc linker (/Applications/Xcode.app/Contents/Developer/Toolchains/XcodeDefault.xctoolchain/usr/bin/ld) supports shared libraries
configure:10283: result: yes
configure:10523: checking dynamic linker characteristics
configure:11341: result: darwin13.4.0 dyld
configure:11463: checking how to hardcode library paths into programs
configure:11488: result: immediate
configure:12036: checking whether stripping libraries is possible
configure:12050: result: yes
configure:12076: checking if libtool supports shared libraries
configure:12078: result: yes
configure:12081: checking whether to build shared libraries
configure:12106: result: yes
configure:12109: checking whether to build static libraries
configure:12113: result: yes
configure:12199: checking for gcc
configure:12226: result: gcc
configure:12455: checking for C compiler version
configure:12464: gcc --version >&5
Apple LLVM version 6.0 (clang-600.0.57) (based on LLVM 3.5svn)
Target: x86_64-apple-darwin13.4.0
Thread model: posix
Configured with: --prefix=/Applications/Xcode.app/Contents/Developer/usr --with-gxx-include-dir=/usr/include/c++/4.2.1
configure:12475: $? = 0
configure:12464: gcc -v >&5
Configured with: --prefix=/Applications/Xcode.app/Contents/Developer/usr --with-gxx-include-dir=/usr/include/c++/4.2.1
Apple LLVM version 6.0 (clang-600.0.57) (based on LLVM 3.5svn)
Target: x86_64-apple-darwin13.4.0
Thread model: posix
configure:12475: $? = 0
configure:12464: gcc -V >&5
clang: error: argument to '-V' is missing (expected 1 value)
clang: error: no input files
configure:12475: $? = 1
configure:12464: gcc -qversion >&5
clang: error: unknown argument: '-qversion'
clang: error: no input files
configure:12475: $? = 1
configure:12479: checking whether we are using the GNU C compiler
configure:12507: result: yes
configure:12516: checking whether gcc accepts -g
configure:12577: result: yes
configure:12594: checking for gcc option to accept ISO C89
configure:12670: result: none needed
configure:12695: checking whether gcc understands -c and -o together
configure:12732: result: yes
configure:12751: checking dependency style of gcc
configure:12862: result: gcc3
configure:12935: checking for g++
configure:12951: found /usr/bin/g++
configure:12962: result: g++
configure:12989: checking for C++ compiler version
configure:12998: g++ --version >&5
Apple LLVM version 6.0 (clang-600.0.57) (based on LLVM 3.5svn)
Target: x86_64-apple-darwin13.4.0
Thread model: posix
Configured with: --prefix=/Applications/Xcode.app/Contents/Developer/usr --with-gxx-include-dir=/usr/include/c++/4.2.1
configure:13009: $? = 0
configure:12998: g++ -v >&5
Configured with: --prefix=/Applications/Xcode.app/Contents/Developer/usr --with-gxx-include-dir=/usr/include/c++/4.2.1
Apple LLVM version 6.0 (clang-600.0.57) (based on LLVM 3.5svn)
Target: x86_64-apple-darwin13.4.0
Thread model: posix
configure:13009: $? = 0
configure:12998: g++ -V >&5
clang: error: argument to '-V' is missing (expected 1 value)
clang: error: no input files
configure:13009: $? = 1
configure:12998: g++ -qversion >&5
clang: error: unknown argument: '-qversion'
clang: error: no input files
configure:13009: $? = 1
configure:13013: checking whether we are using the GNU C++ compiler
configure:13032: g++ -c   conftest.cpp >&5
configure:13032: $? = 0
configure:13041: result: yes
configure:13050: checking whether g++ accepts -g
configure:13070: g++ -c -g  conftest.cpp >&5
configure:13070: $? = 0
configure:13111: result: yes
configure:13136: checking dependency style of g++
configure:13247: result: gcc3
configure:13280: checking how to run the C++ preprocessor
configure:13307: g++ -E  conftest.cpp
configure:13307: $? = 0
configure:13321: g++ -E  conftest.cpp
conftest.cpp:23:10: fatal error: 'ac_nonexistent.h' file not found
#include <ac_nonexistent.h>
         ^
1 error generated.
configure:13321: $? = 1
configure: failed program was:
| /* confdefs.h */
| #define PACKAGE_NAME "MathFin"
| #define PACKAGE_TARNAME "mathfin"
| #define PACKAGE_VERSION "1.0"
| #define PACKAGE_STRING "MathFin 1.0"
| #define PACKAGE_BUGREPORT "ahmed.riza@gmail.com"
| #define PACKAGE_URL ""
| #define PACKAGE "mathfin"
| #define VERSION "1.0"
| #define STDC_HEADERS 1
| #define HAVE_SYS_TYPES_H 1
| #define HAVE_SYS_STAT_H 1
| #define HAVE_STDLIB_H 1
| #define HAVE_STRING_H 1
| #define HAVE_MEMORY_H 1
| #define HAVE_STRINGS_H 1
| #define HAVE_INTTYPES_H 1
| #define HAVE_STDINT_H 1
| #define HAVE_UNISTD_H 1
| #define HAVE_DLFCN_H 1
| #define LT_OBJDIR ".libs/"
| /* end confdefs.h.  */
| #include <ac_nonexistent.h>
configure:13346: result: g++ -E
configure:13366: g++ -E  conftest.cpp
configure:13366: $? = 0
configure:13380: g++ -E  conftest.cpp
conftest.cpp:23:10: fatal error: 'ac_nonexistent.h' file not found
#include <ac_nonexistent.h>
         ^
1 error generated.
configure:13380: $? = 1
configure: failed program was:
| /* confdefs.h */
| #define PACKAGE_NAME "MathFin"
| #define PACKAGE_TARNAME "mathfin"
| #define PACKAGE_VERSION "1.0"
| #define PACKAGE_STRING "MathFin 1.0"
| #define PACKAGE_BUGREPORT "ahmed.riza@gmail.com"
| #define PACKAGE_URL ""
| #define PACKAGE "mathfin"
| #define VERSION "1.0"
| #define STDC_HEADERS 1
| #define HAVE_SYS_TYPES_H 1
| #define HAVE_SYS_STAT_H 1
| #define HAVE_STDLIB_H 1
| #define HAVE_STRING_H 1
| #define HAVE_MEMORY_H 1
| #define HAVE_STRINGS_H 1
| #define HAVE_INTTYPES_H 1
| #define HAVE_STDINT_H 1
| #define HAVE_UNISTD_H 1
| #define HAVE_DLFCN_H 1
| #define LT_OBJDIR ".libs/"
| /* end confdefs.h.  */
| #include <ac_nonexistent.h>
configure:13542: checking for ld used by g++
configure:13609: result: /Applications/Xcode.app/Contents/Developer/Toolchains/XcodeDefault.xctoolchain/usr/bin/ld
configure:13616: checking if the linker (/Applications/Xcode.app/Contents/Developer/Toolchains/XcodeDefault.xctoolchain/usr/bin/ld) is GNU ld
configure:13631: result: no
configure:13686: checking whether the g++ linker (/Applications/Xcode.app/Contents/Developer/Toolchains/XcodeDefault.xctoolchain/usr/bin/ld) supports shared libraries
configure:14759: result: yes
configure:14795: g++ -c -g -O2  conftest.cpp >&5
configure:14798: $? = 0
configure:15279: checking for g++ option to produce PIC
configure:15286: result: -fno-common -DPIC
configure:15294: checking if g++ PIC flag -fno-common -DPIC works
configure:15312: g++ -c -g -O2  -fno-common -DPIC -DPIC conftest.cpp >&5
configure:15316: $? = 0
configure:15329: result: yes
configure:15352: checking if g++ static flag -static works
configure:15380: result: no
configure:15392: checking if g++ supports -c -o file.o
configure:15413: g++ -c -g -O2  -o out/conftest2.o conftest.cpp >&5
configure:15417: $? = 0
configure:15439: result: yes
configure:15444: checking if g++ supports -c -o file.o
configure:15491: result: yes
configure:15521: checking whether the g++ linker (/Applications/Xcode.app/Contents/Developer/Toolchains/XcodeDefault.xctoolchain/usr/bin/ld) supports shared libraries
configure:15561: result: yes
configure:15702: checking dynamic linker characteristics
configure:16447: result: darwin13.4.0 dyld
configure:16512: checking how to hardcode library paths into programs
configure:16537: result: immediate
configure:16582: checking how to run the C preprocessor
configure:16652: result: gcc -E
configure:16672: gcc -E  conftest.c
configure:16672: $? = 0
configure:16686: gcc -E  conftest.c
conftest.c:23:10: fatal error: 'ac_nonexistent.h' file not found
#include <ac_nonexistent.h>
         ^
1 error generated.
configure:16686: $? = 1
configure: failed program was:
| /* confdefs.h */
| #define PACKAGE_NAME "MathFin"
| #define PACKAGE_TARNAME "mathfin"
| #define PACKAGE_VERSION "1.0"
| #define PACKAGE_STRING "MathFin 1.0"
| #define PACKAGE_BUGREPORT "ahmed.riza@gmail.com"
| #define PACKAGE_URL ""
| #define PACKAGE "mathfin"
| #define VERSION "1.0"
| #define STDC_HEADERS 1
| #define HAVE_SYS_TYPES_H 1
| #define HAVE_SYS_STAT_H 1
| #define HAVE_STDLIB_H 1
| #define HAVE_STRING_H 1
| #define HAVE_MEMORY_H 1
| #define HAVE_STRINGS_H 1
| #define HAVE_INTTYPES_H 1
| #define HAVE_STDINT_H 1
| #define HAVE_UNISTD_H 1
| #define HAVE_DLFCN_H 1
| #define LT_OBJDIR ".libs/"
| /* end confdefs.h.  */
| #include <ac_nonexistent.h>
configure: this is boost.m4 serial 26
configure:16802: checking for Boost headers version >= 0.0.0
configure:16873: g++ -c -g -O2  conftest.cpp >&5
conftest.cpp:23:10: fatal error: 'boost/version.hpp' file not found
#include <boost/version.hpp>
         ^
1 error generated.
configure:16873: $? = 1
configure: failed program was:
| /* confdefs.h */
| #define PACKAGE_NAME "MathFin"
| #define PACKAGE_TARNAME "mathfin"
| #define PACKAGE_VERSION "1.0"
| #define PACKAGE_STRING "MathFin 1.0"
| #define PACKAGE_BUGREPORT "ahmed.riza@gmail.com"
| #define PACKAGE_URL ""
| #define PACKAGE "mathfin"
| #define VERSION "1.0"
| #define STDC_HEADERS 1
| #define HAVE_SYS_TYPES_H 1
| #define HAVE_SYS_STAT_H 1
| #define HAVE_STDLIB_H 1
| #define HAVE_STRING_H 1
| #define HAVE_MEMORY_H 1
| #define HAVE_STRINGS_H 1
| #define HAVE_INTTYPES_H 1
| #define HAVE_STDINT_H 1
| #define HAVE_UNISTD_H 1
| #define HAVE_DLFCN_H 1
| #define LT_OBJDIR ".libs/"
| /* end confdefs.h.  */
| #include <boost/version.hpp>
| #if !defined BOOST_VERSION
| # error BOOST_VERSION is not defined
| #elif BOOST_VERSION < 0
| # error Boost headers version < 0
| #endif
| 
| int
| main ()
| {
| 
|   ;
|   return 0;
| }
configure:16873: g++ -c -g -O2  -I/opt/local/include conftest.cpp >&5
configure:16873: $? = 0
configure:16894: result: /opt/local/include
configure:16913: checking for Boost's header version
configure:16944: result: 1_59
configure:17070: checking that generated files are newer than configure
configure:17076: result: done
configure:17107: creating ./config.status

## ---------------------- ##
## Running config.status. ##
## ---------------------- ##

This file was extended by MathFin config.status 1.0, which was
generated by GNU Autoconf 2.69.  Invocation command line was

  CONFIG_FILES    = 
  CONFIG_HEADERS  = 
  CONFIG_LINKS    = 
  CONFIG_COMMANDS = 
  $ ./config.status 

on ahmeds-air-5

config.status:1150: creating Makefile
config.status:1150: creating base/Makefile
config.status:1150: creating math/Makefile
config.status:1150: creating time/Makefile
config.status:1150: creating config.h
config.status:1331: config.h is unchanged
config.status:1379: executing depfiles commands
config.status:1379: executing libtool commands

## ---------------- ##
## Cache variables. ##
## ---------------- ##

ac_cv_build=x86_64-apple-darwin13.4.0
ac_cv_c_compiler_gnu=yes
ac_cv_cxx_compiler_gnu=yes
ac_cv_env_BOOST_ROOT_set=
ac_cv_env_BOOST_ROOT_value=
ac_cv_env_CCC_set=
ac_cv_env_CCC_value=
ac_cv_env_CC_set=
ac_cv_env_CC_value=
ac_cv_env_CFLAGS_set=
ac_cv_env_CFLAGS_value=
ac_cv_env_CPPFLAGS_set=
ac_cv_env_CPPFLAGS_value=
ac_cv_env_CPP_set=
ac_cv_env_CPP_value=
ac_cv_env_CXXCPP_set=
ac_cv_env_CXXCPP_value=
ac_cv_env_CXXFLAGS_set=
ac_cv_env_CXXFLAGS_value=
ac_cv_env_CXX_set=
ac_cv_env_CXX_value=
ac_cv_env_LDFLAGS_set=
ac_cv_env_LDFLAGS_value=
ac_cv_env_LIBS_set=
ac_cv_env_LIBS_value=
ac_cv_env_LT_SYS_LIBRARY_PATH_set=
ac_cv_env_LT_SYS_LIBRARY_PATH_value=
ac_cv_env_build_alias_set=
ac_cv_env_build_alias_value=
ac_cv_env_host_alias_set=
ac_cv_env_host_alias_value=
ac_cv_env_target_alias_set=
ac_cv_env_target_alias_value=
ac_cv_header_dlfcn_h=yes
ac_cv_header_inttypes_h=yes
ac_cv_header_memory_h=yes
ac_cv_header_stdc=yes
ac_cv_header_stdint_h=yes
ac_cv_header_stdlib_h=yes
ac_cv_header_string_h=yes
ac_cv_header_strings_h=yes
ac_cv_header_sys_stat_h=yes
ac_cv_header_sys_types_h=yes
ac_cv_header_unistd_h=yes
ac_cv_host=x86_64-apple-darwin13.4.0
ac_cv_objext=o
ac_cv_path_EGREP='/usr/bin/grep -E'
ac_cv_path_FGREP='/usr/bin/grep -F'
ac_cv_path_GREP=/usr/bin/grep
ac_cv_path_SED=/usr/bin/sed
ac_cv_path_install='/usr/bin/install -c'
ac_cv_path_lt_DD=/bin/dd
ac_cv_prog_AWK=awk
ac_cv_prog_CPP='gcc -E'
ac_cv_prog_CXXCPP='g++ -E'
ac_cv_prog_ac_ct_AR=ar
ac_cv_prog_ac_ct_CC=gcc
ac_cv_prog_ac_ct_CXX=g++
ac_cv_prog_ac_ct_DSYMUTIL=dsymutil
ac_cv_prog_ac_ct_LIPO=lipo
ac_cv_prog_ac_ct_NMEDIT=nmedit
ac_cv_prog_ac_ct_OTOOL=otool
ac_cv_prog_ac_ct_RANLIB=ranlib
ac_cv_prog_ac_ct_STRIP=strip
ac_cv_prog_cc_c89=
ac_cv_prog_cc_g=yes
ac_cv_prog_cxx_g=yes
ac_cv_prog_make_make_set=yes
am_cv_CC_dependencies_compiler_type=gcc3
am_cv_CXX_dependencies_compiler_type=gcc3
am_cv_ar_interface=ar
am_cv_make_support_nested_variables=yes
am_cv_prog_cc_c_o=yes
boost_cv_inc_path=/opt/local/include
boost_cv_lib_version=1_59
boost_cv_version=no
lt_cv_apple_cc_single_mod=yes
lt_cv_ar_at_file=no
lt_cv_deplibs_check_method=pass_all
lt_cv_file_magic_cmd='$MAGIC_CMD'
lt_cv_file_magic_test_file=
lt_cv_ld_exported_symbols_list=yes
lt_cv_ld_force_load=yes
lt_cv_ld_reload_flag=-r
lt_cv_nm_interface='BSD nm'
lt_cv_objdir=.libs
lt_cv_path_LD=/Applications/Xcode.app/Contents/Developer/Toolchains/XcodeDefault.xctoolchain/usr/bin/ld
lt_cv_path_LDCXX=/Applications/Xcode.app/Contents/Developer/Toolchains/XcodeDefault.xctoolchain/usr/bin/ld
lt_cv_path_NM=/usr/bin/nm
lt_cv_path_mainfest_tool=no
lt_cv_prog_compiler_c_o=yes
lt_cv_prog_compiler_c_o_CXX=yes
lt_cv_prog_compiler_pic='-fno-common -DPIC'
lt_cv_prog_compiler_pic_CXX='-fno-common -DPIC'
lt_cv_prog_compiler_pic_works=yes
lt_cv_prog_compiler_pic_works_CXX=yes
lt_cv_prog_compiler_rtti_exceptions=yes
lt_cv_prog_compiler_static_works=no
lt_cv_prog_compiler_static_works_CXX=no
lt_cv_prog_gnu_ld=no
lt_cv_prog_gnu_ldcxx=no
lt_cv_sharedlib_from_linklib_cmd='printf %s\n'
lt_cv_sys_global_symbol_pipe='sed -n -e '\''s/^.*[	 ]\([BCDEGRST][BCDEGRST]*\)[	 ][	 ]*_\([_A-Za-z][_A-Za-z0-9]*\)$/\1 _\2 \2/p'\'' | sed '\''/ __gnu_lto/d'\'''
lt_cv_sys_global_symbol_to_c_name_address='sed -n -e '\''s/^: \(.*\) .*$/  {"\1", (void *) 0},/p'\'' -e '\''s/^[BCDEGRST][BCDEGRST]* .* \(.*\)$/  {"\1", (void *) \&\1},/p'\'''
lt_cv_sys_global_symbol_to_c_name_address_lib_prefix='sed -n -e '\''s/^: \(.*\) .*$/  {"\1", (void *) 0},/p'\'' -e '\''s/^[BCDEGRST][BCDEGRST]* .* \(lib.*\)$/  {"\1", (void *) \&\1},/p'\'' -e '\''s/^[BCDEGRST][BCDEGRST]* .* \(.*\)$/  {"lib\1", (void *) \&\1},/p'\'''
lt_cv_sys_global_symbol_to_cdecl='sed -n -e '\''s/^T .* \(.*\)$/extern int \1();/p'\'' -e '\''s/^[BCDEGRST][BCDEGRST]* .* \(.*\)$/extern char \1;/p'\'''
lt_cv_sys_global_symbol_to_import=
lt_cv_sys_max_cmd_len=196608
lt_cv_to_host_file_cmd=func_convert_file_noop
lt_cv_to_tool_file_cmd=func_convert_file_noop
lt_cv_truncate_bin='/bin/dd bs=4096 count=1'

## ----------------- ##
## Output variables. ##
## ----------------- ##

ACLOCAL='${SHELL} /Users/ahmed/Work/MathFin/missing aclocal-1.15'
AMDEPBACKSLASH='\'
AMDEP_FALSE='#'
AMDEP_TRUE=''
AMTAR='$${TAR-tar}'
AM_BACKSLASH='\'
AM_DEFAULT_V='$(AM_DEFAULT_VERBOSITY)'
AM_DEFAULT_VERBOSITY='1'
AM_V='$(V)'
AR='ar'
AUTOCONF='${SHELL} /Users/ahmed/Work/MathFin/missing autoconf'
AUTOHEADER='${SHELL} /Users/ahmed/Work/MathFin/missing autoheader'
AUTOMAKE='${SHELL} /Users/ahmed/Work/MathFin/missing automake-1.15'
AWK='awk'
BOOST_CPPFLAGS='-I/opt/local/include'
BOOST_ROOT=''
CC='gcc'
CCDEPMODE='depmode=gcc3'
CFLAGS='-g -O2'
CPP='gcc -E'
CPPFLAGS=''
CXX='g++'
CXXCPP='g++ -E'
CXXDEPMODE='depmode=gcc3'
CXXFLAGS='-g -O2'
CYGPATH_W='echo'
DEFS='-DHAVE_CONFIG_H'
DEPDIR='.deps'
DISTCHECK_CONFIGURE_FLAGS=' '\''--with-boost='\'''
DLLTOOL='false'
DSYMUTIL='dsymutil'
DUMPBIN=''
ECHO_C='\c'
ECHO_N=''
ECHO_T=''
EGREP='/usr/bin/grep -E'
EXEEXT=''
FGREP='/usr/bin/grep -F'
GREP='/usr/bin/grep'
INSTALL_DATA='${INSTALL} -m 644'
INSTALL_PROGRAM='${INSTALL}'
INSTALL_SCRIPT='${INSTALL}'
INSTALL_STRIP_PROGRAM='$(install_sh) -c -s'
LD='/Applications/Xcode.app/Contents/Developer/Toolchains/XcodeDefault.xctoolchain/usr/bin/ld'
LDFLAGS=''
LIBOBJS=''
LIBS=''
LIBTOOL='$(SHELL) $(top_builddir)/libtool'
LIPO='lipo'
LN_S='ln -s'
LTLIBOBJS=''
LT_SYS_LIBRARY_PATH=''
MAKEINFO='${SHELL} /Users/ahmed/Work/MathFin/missing makeinfo'
MANIFEST_TOOL=':'
MKDIR_P='./install-sh -c -d'
NM='/usr/bin/nm'
NMEDIT='nmedit'
OBJDUMP='false'
OBJEXT='o'
OTOOL64=':'
OTOOL='otool'
PACKAGE='mathfin'
PACKAGE_BUGREPORT='ahmed.riza@gmail.com'
PACKAGE_NAME='MathFin'
PACKAGE_STRING='MathFin 1.0'
PACKAGE_TARNAME='mathfin'
PACKAGE_URL=''
PACKAGE_VERSION='1.0'
PATH_SEPARATOR=':'
RANLIB='ranlib'
SED='/usr/bin/sed'
SET_MAKE=''
SHELL='/bin/sh'
STRIP='strip'
VERSION='1.0'
ac_ct_AR='ar'
ac_ct_CC='gcc'
ac_ct_CXX='g++'
ac_ct_DUMPBIN=''
am__EXEEXT_FALSE=''
am__EXEEXT_TRUE='#'
am__fastdepCC_FALSE='#'
am__fastdepCC_TRUE=''
am__fastdepCXX_FALSE='#'
am__fastdepCXX_TRUE=''
am__include='include'
am__isrc=''
am__leading_dot='.'
am__nodep='_no'
am__quote=''
am__tar='$${TAR-tar} chof - "$$tardir"'
am__untar='$${TAR-tar} xf -'
bindir='${exec_prefix}/bin'
build='x86_64-apple-darwin13.4.0'
build_alias=''
build_cpu='x86_64'
build_os='darwin13.4.0'
build_vendor='apple'
datadir='${datarootdir}'
datarootdir='${prefix}/share'
docdir='${datarootdir}/doc/${PACKAGE_TARNAME}'
dvidir='${docdir}'
exec_prefix='${prefix}'
host='x86_64-apple-darwin13.4.0'
host_alias=''
host_cpu='x86_64'
host_os='darwin13.4.0'
host_vendor='apple'
htmldir='${docdir}'
includedir='${prefix}/include'
infodir='${datarootdir}/info'
install_sh='${SHELL} /Users/ahmed/Work/MathFin/install-sh'
libdir='${exec_prefix}/lib'
libexecdir='${exec_prefix}/libexec'
localedir='${datarootdir}/locale'
localstatedir='${prefix}/var'
mandir='${datarootdir}/man'
mkdir_p='$(MKDIR_P)'
oldincludedir='/usr/include'
pdfdir='${docdir}'
prefix='/usr/local'
program_transform_name='s,x,x,'
psdir='${docdir}'
sbindir='${exec_prefix}/sbin'
sharedstatedir='${prefix}/com'
sysconfdir='${prefix}/etc'
target_alias=''

## ----------- ##
## confdefs.h. ##
## ----------- ##

/* confdefs.h */
#define PACKAGE_NAME "MathFin"
#define PACKAGE_TARNAME "mathfin"
#define PACKAGE_VERSION "1.0"
#define PACKAGE_STRING "MathFin 1.0"
#define PACKAGE_BUGREPORT "ahmed.riza@gmail.com"
#define PACKAGE_URL ""
#define PACKAGE "mathfin"
#define VERSION "1.0"
#define STDC_HEADERS 1
#define HAVE_SYS_TYPES_H 1
#define HAVE_SYS_STAT_H 1
#define HAVE_STDLIB_H 1
#define HAVE_STRING_H 1
#define HAVE_MEMORY_H 1
#define HAVE_STRINGS_H 1
#define HAVE_INTTYPES_H 1
#define HAVE_STDINT_H 1
#define HAVE_UNISTD_H 1
#define HAVE_DLFCN_H 1
#define LT_OBJDIR ".libs/"
#define HAVE_BOOST 1

configure: exit 0
